<?xml version="1.0" encoding="UTF-8"?>
<testng-results ignored="0" total="1" passed="1" failed="0" skipped="0">
  <reporter-output>
    <line>
      <![CDATA[Entered UserName]]>
    </line>
    <line>
      <![CDATA[Entered password]]>
    </line>
    <line>
      <![CDATA[Login test passed]]>
    </line>
  </reporter-output>
  <suite started-at="2023-04-14T04:03:01 IST" name="InetBankingV1" finished-at="2023-04-14T04:03:08 IST" duration-ms="7271">
    <groups>
    </groups>
    <test started-at="2023-04-14T04:03:01 IST" name="BankingApp" finished-at="2023-04-14T04:03:08 IST" duration-ms="7271">
      <class name="com.InetBanking.TestCases.LoginTestCase_001">
        <test-method is-config="true" signature="setup(java.lang.String)[pri:0, instance:com.InetBanking.TestCases.LoginTestCase_001@740cae06]" started-at="2023-04-14T04:03:01 IST" name="setup" finished-at="2023-04-14T04:03:07 IST" duration-ms="5876" status="PASS">
          <params>
            <param index="0">
              <value>
                <![CDATA[chrome]]>
              </value>
            </param>
          </params>
          <reporter-output>
          </reporter-output>
        </test-method> <!-- setup -->
        <test-method signature="loginTest()[pri:0, instance:com.InetBanking.TestCases.LoginTestCase_001@740cae06]" started-at="2023-04-14T04:03:07 IST" name="loginTest" finished-at="2023-04-14T04:03:08 IST" duration-ms="1239" status="PASS">
          <reporter-output>
            <line>
              <![CDATA[Entered UserName]]>
            </line>
            <line>
              <![CDATA[Entered password]]>
            </line>
            <line>
              <![CDATA[Login test passed]]>
            </line>
          </reporter-output>
        </test-method> <!-- loginTest -->
        <test-method is-config="true" signature="tearDown()[pri:0, instance:com.InetBanking.TestCases.LoginTestCase_001@740cae06]" started-at="2023-04-14T04:03:08 IST" name="tearDown" finished-at="2023-04-14T04:03:08 IST" duration-ms="131" status="PASS">
          <reporter-output>
          </reporter-output>
        </test-method> <!-- tearDown -->
      </class> <!-- com.InetBanking.TestCases.LoginTestCase_001 -->
    </test> <!-- BankingApp -->
  </suite> <!-- InetBankingV1 -->
</testng-results>
